<?xml version="1.0" encoding="UTF-8"?>
<!-- Generated by org.testng.reporters.JUnitReportReporter -->
<testsuite hostname="PMJ" failures="0" tests="1" name="selenium.module3.Assignment1" time="4.714" errors="0" timestamp="2022-12-10T23:17:28 IST" skipped="0">
  <testcase classname="selenium.module3.Assignment1" name="Login" time="4.714"/>
  <system-out/>
</testsuite> <!-- selenium.module3.Assignment1 -->
