<?xml version="1.0" encoding="UTF-8"?>
<!-- Generated by org.testng.reporters.JUnitReportReporter -->
<testsuite hostname="PMJ" failures="0" tests="1" name="Module4.Assig2" time="22.497" errors="0" timestamp="2022-12-10T23:17:28 IST" skipped="0">
  <testcase classname="Module4.Assig2" name="TestCase1" time="22.497"/>
  <system-out/>
</testsuite> <!-- Module4.Assig2 -->
