<?xml version="1.0" encoding="UTF-8"?>
<!-- Generated by org.testng.reporters.JUnitReportReporter -->
<testsuite hostname="PMJ" failures="0" tests="1" name="Module3.Assig1" time="4.476" errors="0" timestamp="2022-12-10T23:17:28 IST" skipped="0">
  <testcase classname="Module3.Assig1" name="Login" time="4.476"/>
  <system-out/>
</testsuite> <!-- Module3.Assig1 -->
