<?xml version="1.0" encoding="UTF-8"?>
<!-- Generated by org.testng.reporters.JUnitReportReporter -->
<testsuite hostname="PMJ" failures="0" tests="1" name="Module3.assig2" time="12.200" errors="0" timestamp="2022-12-11T09:37:42 IST" skipped="0">
  <testcase classname="Module3.assig2" name="Login" time="12.200"/>
  <system-out/>
</testsuite> <!-- Module3.assig2 -->
