<?xml version="1.0" encoding="UTF-8"?>
<!-- Generated by org.testng.reporters.JUnitReportReporter -->
<testsuite hostname="PMJ" failures="0" tests="1" name="selenium.module3.Assignment1" time="15.037" errors="0" timestamp="11 Dec 2022 15:46:42 GMT" skipped="0">
  <testcase classname="selenium.module3.Assignment1" name="Login" time="15.037"/>
</testsuite> <!-- selenium.module3.Assignment1 -->
