<?xml version="1.0" encoding="UTF-8"?>
<!-- Generated by org.testng.reporters.JUnitReportReporter -->
<testsuite hostname="PMJ" failures="0" tests="1" name="Module4.Assig2" time="24.148" errors="0" timestamp="11 Dec 2022 15:46:42 GMT" skipped="0">
  <testcase classname="Module4.Assig2" name="TestCase1" time="24.148"/>
</testsuite> <!-- Module4.Assig2 -->
