<?xml version="1.0" encoding="UTF-8"?>
<!-- Generated by org.testng.reporters.JUnitReportReporter -->
<testsuite hostname="PMJ" failures="0" tests="1" name="Module3.assig2" time="81.630" errors="0" timestamp="11 Dec 2022 15:46:42 GMT" skipped="0">
  <testcase classname="Module3.assig2" name="Login" time="81.630"/>
</testsuite> <!-- Module3.assig2 -->
